This file contains any messages produced by compilers while
running configure, to aid debugging if configure makes a mistake.

It was created by libusb-1.0 configure 1.0.27, which was
generated by GNU Autoconf 2.71.  Invocation command line was

  $ ./configure

## --------- ##
## Platform. ##
## --------- ##

hostname = DESKTOP-3IP31AI
uname -m = x86_64
uname -r = 5.15.146.1-microsoft-standard-WSL2
uname -s = Linux
uname -v = #1 SMP Thu Jan 11 04:09:03 UTC 2024

/usr/bin/uname -p = x86_64
/bin/uname -X     = unknown

/bin/arch              = x86_64
/usr/bin/arch -k       = unknown
/usr/convex/getsysinfo = unknown
/usr/bin/hostinfo      = unknown
/bin/machine           = unknown
/usr/bin/oslevel       = unknown
/bin/universe          = unknown

PATH: /usr/local/sbin/
PATH: /usr/local/bin/
PATH: /usr/sbin/
PATH: /usr/bin/
PATH: /sbin/
PATH: /bin/
PATH: /snap/bin/
PATH: /usr/local/go/bin/


## ----------- ##
## Core tests. ##
## ----------- ##

configure:2907: looking for aux files: config.guess config.sub ltmain.sh missing install-sh compile
configure:2920:  trying ./
configure:2949:   ./config.guess found
configure:2949:   ./config.sub found
configure:2949:   ./ltmain.sh found
configure:2949:   ./missing found
configure:2931:   ./install-sh found
configure:2949:   ./compile found
configure:3126: checking for gcc
configure:3147: found /usr/bin/gcc
configure:3158: result: gcc
configure:3511: checking for C compiler version
configure:3520: gcc --version >&5
gcc (Ubuntu 11.4.0-1ubuntu1~22.04) 11.4.0
Copyright (C) 2021 Free Software Foundation, Inc.
This is free software; see the source for copying conditions.  There is NO
warranty; not even for MERCHANTABILITY or FITNESS FOR A PARTICULAR PURPOSE.

configure:3531: $? = 0
configure:3520: gcc -v >&5
Using built-in specs.
COLLECT_GCC=gcc
COLLECT_LTO_WRAPPER=/usr/lib/gcc/x86_64-linux-gnu/11/lto-wrapper
OFFLOAD_TARGET_NAMES=nvptx-none:amdgcn-amdhsa
OFFLOAD_TARGET_DEFAULT=1
Target: x86_64-linux-gnu
Configured with: ../src/configure -v --with-pkgversion='Ubuntu 11.4.0-1ubuntu1~22.04' --with-bugurl=file:///usr/share/doc/gcc-11/README.Bugs --enable-languages=c,ada,c++,go,brig,d,fortran,objc,obj-c++,m2 --prefix=/usr --with-gcc-major-version-only --program-suffix=-11 --program-prefix=x86_64-linux-gnu- --enable-shared --enable-linker-build-id --libexecdir=/usr/lib --without-included-gettext --enable-threads=posix --libdir=/usr/lib --enable-nls --enable-bootstrap --enable-clocale=gnu --enable-libstdcxx-debug --enable-libstdcxx-time=yes --with-default-libstdcxx-abi=new --enable-gnu-unique-object --disable-vtable-verify --enable-plugin --enable-default-pie --with-system-zlib --enable-libphobos-checking=release --with-target-system-zlib=auto --enable-objc-gc=auto --enable-multiarch --disable-werror --enable-cet --with-arch-32=i686 --with-abi=m64 --with-multilib-list=m32,m64,mx32 --enable-multilib --with-tune=generic --enable-offload-targets=nvptx-none=/build/gcc-11-XeT9lY/gcc-11-11.4.0/debian/tmp-nvptx/usr,amdgcn-amdhsa=/build/gcc-11-XeT9lY/gcc-11-11.4.0/debian/tmp-gcn/usr --without-cuda-driver --enable-checking=release --build=x86_64-linux-gnu --host=x86_64-linux-gnu --target=x86_64-linux-gnu --with-build-config=bootstrap-lto-lean --enable-link-serialization=2
Thread model: posix
Supported LTO compression algorithms: zlib zstd
gcc version 11.4.0 (Ubuntu 11.4.0-1ubuntu1~22.04) 
... rest of stderr output deleted ...
configure:3531: $? = 0
configure:3520: gcc -V >&5
gcc: error: unrecognized command-line option '-V'
gcc: fatal error: no input files
compilation terminated.
configure:3531: $? = 1
configure:3520: gcc -qversion >&5
gcc: error: unrecognized command-line option '-qversion'; did you mean '--version'?
gcc: fatal error: no input files
compilation terminated.
configure:3531: $? = 1
configure:3520: gcc -version >&5
gcc: error: unrecognized command-line option '-version'
gcc: fatal error: no input files
compilation terminated.
configure:3531: $? = 1
configure:3551: checking whether the C compiler works
configure:3573: gcc    conftest.c  >&5
configure:3577: $? = 0
configure:3627: result: yes
configure:3630: checking for C compiler default output file name
configure:3632: result: a.out
configure:3638: checking for suffix of executables
configure:3645: gcc -o conftest    conftest.c  >&5
configure:3649: $? = 0
configure:3672: result: 
configure:3694: checking whether we are cross compiling
configure:3702: gcc -o conftest    conftest.c  >&5
configure:3706: $? = 0
configure:3713: ./conftest
configure:3717: $? = 0
configure:3732: result: no
configure:3737: checking for suffix of object files
configure:3760: gcc -c   conftest.c >&5
configure:3764: $? = 0
configure:3786: result: o
configure:3790: checking whether the compiler supports GNU C
configure:3810: gcc -c   conftest.c >&5
configure:3810: $? = 0
configure:3820: result: yes
configure:3831: checking whether gcc accepts -g
configure:3852: gcc -c -g  conftest.c >&5
configure:3852: $? = 0
configure:3896: result: yes
configure:3916: checking for gcc option to enable C11 features
configure:3931: gcc  -c -g -O2  conftest.c >&5
configure:3931: $? = 0
configure:3949: result: none needed
configure:4070: checking whether gcc understands -c and -o together
configure:4093: gcc -c conftest.c -o conftest2.o
configure:4096: $? = 0
configure:4093: gcc -c conftest.c -o conftest2.o
configure:4096: $? = 0
configure:4108: result: yes
configure:4194: checking for g++
configure:4215: found /usr/bin/g++
configure:4226: result: g++
configure:4253: checking for C++ compiler version
configure:4262: g++ --version >&5
g++ (Ubuntu 11.4.0-1ubuntu1~22.04) 11.4.0
Copyright (C) 2021 Free Software Foundation, Inc.
This is free software; see the source for copying conditions.  There is NO
warranty; not even for MERCHANTABILITY or FITNESS FOR A PARTICULAR PURPOSE.

configure:4273: $? = 0
configure:4262: g++ -v >&5
Using built-in specs.
COLLECT_GCC=g++
COLLECT_LTO_WRAPPER=/usr/lib/gcc/x86_64-linux-gnu/11/lto-wrapper
OFFLOAD_TARGET_NAMES=nvptx-none:amdgcn-amdhsa
OFFLOAD_TARGET_DEFAULT=1
Target: x86_64-linux-gnu
Configured with: ../src/configure -v --with-pkgversion='Ubuntu 11.4.0-1ubuntu1~22.04' --with-bugurl=file:///usr/share/doc/gcc-11/README.Bugs --enable-languages=c,ada,c++,go,brig,d,fortran,objc,obj-c++,m2 --prefix=/usr --with-gcc-major-version-only --program-suffix=-11 --program-prefix=x86_64-linux-gnu- --enable-shared --enable-linker-build-id --libexecdir=/usr/lib --without-included-gettext --enable-threads=posix --libdir=/usr/lib --enable-nls --enable-bootstrap --enable-clocale=gnu --enable-libstdcxx-debug --enable-libstdcxx-time=yes --with-default-libstdcxx-abi=new --enable-gnu-unique-object --disable-vtable-verify --enable-plugin --enable-default-pie --with-system-zlib --enable-libphobos-checking=release --with-target-system-zlib=auto --enable-objc-gc=auto --enable-multiarch --disable-werror --enable-cet --with-arch-32=i686 --with-abi=m64 --with-multilib-list=m32,m64,mx32 --enable-multilib --with-tune=generic --enable-offload-targets=nvptx-none=/build/gcc-11-XeT9lY/gcc-11-11.4.0/debian/tmp-nvptx/usr,amdgcn-amdhsa=/build/gcc-11-XeT9lY/gcc-11-11.4.0/debian/tmp-gcn/usr --without-cuda-driver --enable-checking=release --build=x86_64-linux-gnu --host=x86_64-linux-gnu --target=x86_64-linux-gnu --with-build-config=bootstrap-lto-lean --enable-link-serialization=2
Thread model: posix
Supported LTO compression algorithms: zlib zstd
gcc version 11.4.0 (Ubuntu 11.4.0-1ubuntu1~22.04) 
... rest of stderr output deleted ...
configure:4273: $? = 0
configure:4262: g++ -V >&5
g++: error: unrecognized command-line option '-V'
g++: fatal error: no input files
compilation terminated.
configure:4273: $? = 1
configure:4262: g++ -qversion >&5
g++: error: unrecognized command-line option '-qversion'; did you mean '--version'?
g++: fatal error: no input files
compilation terminated.
configure:4273: $? = 1
configure:4277: checking whether the compiler supports GNU C++
configure:4297: g++ -c   conftest.cpp >&5
configure:4297: $? = 0
configure:4307: result: yes
configure:4318: checking whether g++ accepts -g
configure:4339: g++ -c -g  conftest.cpp >&5
configure:4339: $? = 0
configure:4383: result: yes
configure:4403: checking for g++ option to enable C++11 features
configure:4418: g++  -c -g -O2  conftest.cpp >&5
conftest.cpp: In function 'int main(int, char**)':
conftest.cpp:175:25: warning: empty parentheses were disambiguated as a function declaration [-Wvexing-parse]
  175 |   cxx11test::delegate d2();
      |                         ^~
conftest.cpp:175:25: note: remove parentheses to default-initialize a variable
  175 |   cxx11test::delegate d2();
      |                         ^~
      |                         --
conftest.cpp:175:25: note: or replace parentheses with braces to value-initialize a variable
configure:4418: $? = 0
configure:4436: result: none needed
configure:4501: checking for inline
configure:4518: gcc -c -g -O2  conftest.c >&5
configure:4518: $? = 0
configure:4527: result: inline
configure:4562: checking for a BSD-compatible install
configure:4635: result: /usr/bin/install -c
configure:4646: checking whether build environment is sane
configure:4701: result: yes
configure:4856: checking for a race-free mkdir -p
configure:4900: result: /usr/bin/mkdir -p
configure:4907: checking for gawk
configure:4928: found /usr/bin/gawk
configure:4939: result: gawk
configure:4950: checking whether make sets $(MAKE)
configure:4973: result: yes
configure:4995: checking whether make supports the include directive
configure:5010: make -f confmf.GNU && cat confinc.out
this is the am__doit target
configure:5013: $? = 0
configure:5032: result: yes (GNU style)
configure:5067: checking whether make supports nested variables
configure:5085: result: yes
configure:5166: checking dependency style of gcc
configure:5278: result: gcc3
configure:5295: checking dependency style of g++
configure:5407: result: gcc3
configure:5511: checking build system type
configure:5526: result: x86_64-pc-linux-gnu
configure:5546: checking host system type
configure:5560: result: x86_64-pc-linux-gnu
configure:5601: checking how to print strings
configure:5628: result: printf
configure:5649: checking for a sed that does not truncate output
configure:5719: result: /usr/bin/sed
configure:5737: checking for grep that handles long lines and -e
configure:5801: result: /usr/bin/grep
configure:5806: checking for egrep
configure:5874: result: /usr/bin/grep -E
configure:5879: checking for fgrep
configure:5947: result: /usr/bin/grep -F
configure:5983: checking for ld used by gcc
configure:6051: result: /usr/bin/ld
configure:6058: checking if the linker (/usr/bin/ld) is GNU ld
configure:6074: result: yes
configure:6086: checking for BSD- or MS-compatible name lister (nm)
configure:6141: result: /usr/bin/nm -B
configure:6281: checking the name lister (/usr/bin/nm -B) interface
configure:6289: gcc -c -g -O2  conftest.c >&5
configure:6292: /usr/bin/nm -B "conftest.o"
configure:6295: output
0000000000000000 B some_variable
configure:6302: result: BSD nm
configure:6305: checking whether ln -s works
configure:6309: result: yes
configure:6317: checking the maximum length of command line arguments
configure:6449: result: 1572864
configure:6497: checking how to convert x86_64-pc-linux-gnu file names to x86_64-pc-linux-gnu format
configure:6538: result: func_convert_file_noop
configure:6545: checking how to convert x86_64-pc-linux-gnu file names to toolchain format
configure:6566: result: func_convert_file_noop
configure:6573: checking for /usr/bin/ld option to reload object files
configure:6581: result: -r
configure:6660: checking for file
configure:6681: found /usr/bin/file
configure:6692: result: file
configure:6768: checking for objdump
configure:6789: found /usr/bin/objdump
configure:6800: result: objdump
configure:6832: checking how to recognize dependent libraries
configure:7033: result: pass_all
configure:7123: checking for dlltool
configure:7158: result: no
configure:7188: checking how to associate runtime and link libraries
configure:7216: result: printf %s\n
configure:7281: checking for ar
configure:7302: found /usr/bin/ar
configure:7313: result: ar
configure:7366: checking for archiver @FILE support
configure:7384: gcc -c -g -O2  conftest.c >&5
configure:7384: $? = 0
configure:7388: ar cr libconftest.a @conftest.lst >&5
configure:7391: $? = 0
configure:7396: ar cr libconftest.a @conftest.lst >&5
ar: conftest.o: No such file or directory
configure:7399: $? = 1
configure:7411: result: @
configure:7474: checking for strip
configure:7495: found /usr/bin/strip
configure:7506: result: strip
configure:7583: checking for ranlib
configure:7604: found /usr/bin/ranlib
configure:7615: result: ranlib
configure:7717: checking command to parse /usr/bin/nm -B output from gcc object
configure:7871: gcc -c -g -O2  conftest.c >&5
configure:7874: $? = 0
configure:7878: /usr/bin/nm -B conftest.o | /usr/bin/sed -n -e 's/^.*[	 ]\([ABCDGIRSTW][ABCDGIRSTW]*\)[	 ][	 ]*\([_A-Za-z][_A-Za-z0-9]*\)$/\1 \2 \2/p' | /usr/bin/sed '/ __gnu_lto/d' > conftest.nm
configure:7944: gcc -o conftest -g -O2   conftest.c conftstm.o >&5
configure:7947: $? = 0
configure:7985: result: ok
configure:8032: checking for sysroot
configure:8063: result: no
configure:8070: checking for a working dd
configure:8114: result: /usr/bin/dd
configure:8118: checking how to truncate binary pipes
configure:8134: result: /usr/bin/dd bs=4096 count=1
configure:8271: gcc -c -g -O2  conftest.c >&5
configure:8274: $? = 0
configure:8471: checking for mt
configure:8492: found /usr/bin/mt
configure:8503: result: mt
configure:8526: checking if mt is a manifest tool
configure:8533: mt '-?'
configure:8541: result: no
configure:9266: checking for stdio.h
configure:9266: gcc -c -g -O2  conftest.c >&5
configure:9266: $? = 0
configure:9266: result: yes
configure:9266: checking for stdlib.h
configure:9266: gcc -c -g -O2  conftest.c >&5
configure:9266: $? = 0
configure:9266: result: yes
configure:9266: checking for string.h
configure:9266: gcc -c -g -O2  conftest.c >&5
configure:9266: $? = 0
configure:9266: result: yes
configure:9266: checking for inttypes.h
configure:9266: gcc -c -g -O2  conftest.c >&5
configure:9266: $? = 0
configure:9266: result: yes
configure:9266: checking for stdint.h
configure:9266: gcc -c -g -O2  conftest.c >&5
configure:9266: $? = 0
configure:9266: result: yes
configure:9266: checking for strings.h
configure:9266: gcc -c -g -O2  conftest.c >&5
configure:9266: $? = 0
configure:9266: result: yes
configure:9266: checking for sys/stat.h
configure:9266: gcc -c -g -O2  conftest.c >&5
configure:9266: $? = 0
configure:9266: result: yes
configure:9266: checking for sys/types.h
configure:9266: gcc -c -g -O2  conftest.c >&5
configure:9266: $? = 0
configure:9266: result: yes
configure:9266: checking for unistd.h
configure:9266: gcc -c -g -O2  conftest.c >&5
configure:9266: $? = 0
configure:9266: result: yes
configure:9291: checking for dlfcn.h
configure:9291: gcc -c -g -O2  conftest.c >&5
configure:9291: $? = 0
configure:9291: result: yes
configure:9561: checking for objdir
configure:9577: result: .libs
configure:9841: checking if gcc supports -fno-rtti -fno-exceptions
configure:9860: gcc -c -g -O2  -fno-rtti -fno-exceptions conftest.c >&5
cc1: warning: command-line option '-fno-rtti' is valid for C++/D/ObjC++ but not for C
configure:9864: $? = 0
configure:9877: result: no
configure:10241: checking for gcc option to produce PIC
configure:10249: result: -fPIC -DPIC
configure:10257: checking if gcc PIC flag -fPIC -DPIC works
configure:10276: gcc -c -g -O2  -fPIC -DPIC -DPIC conftest.c >&5
configure:10280: $? = 0
configure:10293: result: yes
configure:10322: checking if gcc static flag -static works
configure:10351: result: yes
configure:10366: checking if gcc supports -c -o file.o
configure:10388: gcc -c -g -O2  -o out/conftest2.o conftest.c >&5
configure:10392: $? = 0
configure:10414: result: yes
configure:10422: checking if gcc supports -c -o file.o
configure:10470: result: yes
configure:10503: checking whether the gcc linker (/usr/bin/ld -m elf_x86_64) supports shared libraries
configure:11777: result: yes
configure:11814: checking whether -lc should be explicitly linked in
configure:11823: gcc -c -g -O2  conftest.c >&5
configure:11826: $? = 0
configure:11841: gcc -shared  -fPIC -DPIC conftest.o  -v -Wl,-soname -Wl,conftest -o conftest 2\>\&1 \| /usr/bin/grep  -lc  \>/dev/null 2\>\&1
configure:11844: $? = 0
configure:11858: result: no
configure:12018: checking dynamic linker characteristics
configure:12600: gcc -o conftest -g -O2   -Wl,-rpath -Wl,/foo conftest.c  >&5
configure:12600: $? = 0
configure:12851: result: GNU/Linux ld.so
configure:12973: checking how to hardcode library paths into programs
configure:12998: result: immediate
configure:13550: checking whether stripping libraries is possible
configure:13559: result: yes
configure:13601: checking if libtool supports shared libraries
configure:13603: result: yes
configure:13606: checking whether to build shared libraries
configure:13631: result: yes
configure:13634: checking whether to build static libraries
configure:13638: result: yes
configure:13661: checking how to run the C++ preprocessor
configure:13683: g++ -E  conftest.cpp
configure:13683: $? = 0
configure:13698: g++ -E  conftest.cpp
conftest.cpp:23:10: fatal error: ac_nonexistent.h: No such file or directory
   23 | #include <ac_nonexistent.h>
      |          ^~~~~~~~~~~~~~~~~~
compilation terminated.
configure:13698: $? = 1
configure: failed program was:
| /* confdefs.h */
| #define PACKAGE_NAME "libusb-1.0"
| #define PACKAGE_TARNAME "libusb-1.0"
| #define PACKAGE_VERSION "1.0.27"
| #define PACKAGE_STRING "libusb-1.0 1.0.27"
| #define PACKAGE_BUGREPORT "libusb-devel@lists.sourceforge.net"
| #define PACKAGE_URL "https://libusb.info"
| #define PACKAGE "libusb-1.0"
| #define VERSION "1.0.27"
| #define HAVE_STDIO_H 1
| #define HAVE_STDLIB_H 1
| #define HAVE_STRING_H 1
| #define HAVE_INTTYPES_H 1
| #define HAVE_STDINT_H 1
| #define HAVE_STRINGS_H 1
| #define HAVE_SYS_STAT_H 1
| #define HAVE_SYS_TYPES_H 1
| #define HAVE_UNISTD_H 1
| #define STDC_HEADERS 1
| #define HAVE_DLFCN_H 1
| #define LT_OBJDIR ".libs/"
| /* end confdefs.h.  */
| #include <ac_nonexistent.h>
configure:13725: result: g++ -E
configure:13739: g++ -E  conftest.cpp
configure:13739: $? = 0
configure:13754: g++ -E  conftest.cpp
conftest.cpp:23:10: fatal error: ac_nonexistent.h: No such file or directory
   23 | #include <ac_nonexistent.h>
      |          ^~~~~~~~~~~~~~~~~~
compilation terminated.
configure:13754: $? = 1
configure: failed program was:
| /* confdefs.h */
| #define PACKAGE_NAME "libusb-1.0"
| #define PACKAGE_TARNAME "libusb-1.0"
| #define PACKAGE_VERSION "1.0.27"
| #define PACKAGE_STRING "libusb-1.0 1.0.27"
| #define PACKAGE_BUGREPORT "libusb-devel@lists.sourceforge.net"
| #define PACKAGE_URL "https://libusb.info"
| #define PACKAGE "libusb-1.0"
| #define VERSION "1.0.27"
| #define HAVE_STDIO_H 1
| #define HAVE_STDLIB_H 1
| #define HAVE_STRING_H 1
| #define HAVE_INTTYPES_H 1
| #define HAVE_STDINT_H 1
| #define HAVE_STRINGS_H 1
| #define HAVE_SYS_STAT_H 1
| #define HAVE_SYS_TYPES_H 1
| #define HAVE_UNISTD_H 1
| #define STDC_HEADERS 1
| #define HAVE_DLFCN_H 1
| #define LT_OBJDIR ".libs/"
| /* end confdefs.h.  */
| #include <ac_nonexistent.h>
configure:13919: checking for ld used by g++
configure:13987: result: /usr/bin/ld -m elf_x86_64
configure:13994: checking if the linker (/usr/bin/ld -m elf_x86_64) is GNU ld
configure:14010: result: yes
configure:14065: checking whether the g++ linker (/usr/bin/ld -m elf_x86_64) supports shared libraries
configure:15143: result: yes
configure:15179: g++ -c -g -O2  conftest.cpp >&5
configure:15182: $? = 0
configure:15663: checking for g++ option to produce PIC
configure:15671: result: -fPIC -DPIC
configure:15679: checking if g++ PIC flag -fPIC -DPIC works
configure:15698: g++ -c -g -O2  -fPIC -DPIC -DPIC conftest.cpp >&5
configure:15702: $? = 0
configure:15715: result: yes
configure:15738: checking if g++ static flag -static works
configure:15767: result: yes
configure:15779: checking if g++ supports -c -o file.o
configure:15801: g++ -c -g -O2  -o out/conftest2.o conftest.cpp >&5
configure:15805: $? = 0
configure:15827: result: yes
configure:15832: checking if g++ supports -c -o file.o
configure:15880: result: yes
configure:15910: checking whether the g++ linker (/usr/bin/ld -m elf_x86_64) supports shared libraries
configure:15953: result: yes
configure:16095: checking dynamic linker characteristics
configure:16855: result: GNU/Linux ld.so
configure:16920: checking how to hardcode library paths into programs
configure:16945: result: immediate
configure:17054: checking for windres
configure:17089: result: no
configure:17204: checking whether make supports nested variables
configure:17222: result: yes
configure:17239: checking if gcc supports -std=gnu11
configure:17252: gcc -c -std=gnu11  conftest.c >&5
configure:17252: $? = 0
configure:17254: result: yes
configure:17304: checking operating system
configure:17339: result: Linux
configure:17396: checking for nfds_t
configure:17396: gcc -c -g -O2  conftest.c >&5
configure:17396: $? = 0
configure:17396: gcc -c -g -O2  conftest.c >&5
conftest.c: In function 'main':
conftest.c:32:21: error: expected expression before ')' token
   32 | if (sizeof ((nfds_t)))
      |                     ^
configure:17396: $? = 1
configure: failed program was:
| /* confdefs.h */
| #define PACKAGE_NAME "libusb-1.0"
| #define PACKAGE_TARNAME "libusb-1.0"
| #define PACKAGE_VERSION "1.0.27"
| #define PACKAGE_STRING "libusb-1.0 1.0.27"
| #define PACKAGE_BUGREPORT "libusb-devel@lists.sourceforge.net"
| #define PACKAGE_URL "https://libusb.info"
| #define PACKAGE "libusb-1.0"
| #define VERSION "1.0.27"
| #define HAVE_STDIO_H 1
| #define HAVE_STDLIB_H 1
| #define HAVE_STRING_H 1
| #define HAVE_INTTYPES_H 1
| #define HAVE_STDINT_H 1
| #define HAVE_STRINGS_H 1
| #define HAVE_SYS_STAT_H 1
| #define HAVE_SYS_TYPES_H 1
| #define HAVE_UNISTD_H 1
| #define STDC_HEADERS 1
| #define HAVE_DLFCN_H 1
| #define LT_OBJDIR ".libs/"
| #define _GNU_SOURCE 1
| #define DEFAULT_VISIBILITY __attribute__ ((visibility ("default")))
| #define PRINTF_FORMAT(a, b) __attribute__ ((__format__ (__printf__, a, b)))
| #define PLATFORM_POSIX 1
| /* end confdefs.h.  */
| #include <poll.h>
| 
| int
| main (void)
| {
| if (sizeof ((nfds_t)))
| 	    return 0;
|   ;
|   return 0;
| }
configure:17396: result: yes
configure:17409: checking for pipe2
configure:17409: gcc -o conftest -g -O2   conftest.c  >&5
configure:17409: $? = 0
configure:17409: result: yes
configure:17419: checking if gcc recognizes -pthread
configure:17432: gcc -c -Wall -Werror -pthread  conftest.c >&5
configure:17432: $? = 0
configure:17434: result: yes
configure:17444: checking for library containing pthread_create
configure:17474: gcc -o conftest -g -O2   conftest.c  >&5
configure:17474: $? = 0
configure:17494: result: none required
configure:17504: checking whether __atomic_load_n is supported
configure:17518: gcc -o conftest -g -O2   conftest.c  >&5
configure:17518: $? = 0
configure:17526: result: yes
configure:17619: checking for library containing clock_gettime
configure:17649: gcc -o conftest -g -O2   conftest.c  >&5
configure:17649: $? = 0
configure:17669: result: none required
configure:17678: checking for pthread_setname_np
configure:17678: gcc -o conftest -g -O2   conftest.c  >&5
configure:17678: $? = 0
configure:17678: result: yes
configure:17694: checking for libudev.h
configure:17694: gcc -c -g -O2  conftest.c >&5
configure:17694: $? = 0
configure:17694: result: yes
configure:17702: checking for udev_new in -ludev
configure:17725: gcc -o conftest -g -O2   conftest.c -ludev   >&5
configure:17725: $? = 0
configure:17735: result: yes
configure:17809: checking for pkg-config
configure:17847: result: no
configure:17882: checking for umockdev-1.0 >= 0.16.0
configure:17941: result: no
configure:17953: checking for umockdev-1.0 >= 0.17.7
configure:18012: result: no
configure:18083: checking for sys/time.h
configure:18083: gcc -c -g -O2  conftest.c >&5
configure:18083: $? = 0
configure:18083: result: yes
configure:18095: checking for clock_gettime
configure:18095: gcc -o conftest -g -O2   conftest.c -ludev  >&5
configure:18095: $? = 0
configure:18095: result: yes
configure:18107: checking for gcc options needed to detect all undeclared functions
configure:18129: gcc -c -g -O2   conftest.c >&5
conftest.c: In function 'main':
conftest.c:37:8: error: 'strchr' undeclared (first use in this function)
   37 | (void) strchr;
      |        ^~~~~~
conftest.c:1:1: note: 'strchr' is defined in header '<string.h>'; did you forget to '#include <string.h>'?
    1 | /* confdefs.h */
conftest.c:37:8: note: each undeclared identifier is reported only once for each function it appears in
   37 | (void) strchr;
      |        ^~~~~~
configure:18129: $? = 1
configure: failed program was:
| /* confdefs.h */
| #define PACKAGE_NAME "libusb-1.0"
| #define PACKAGE_TARNAME "libusb-1.0"
| #define PACKAGE_VERSION "1.0.27"
| #define PACKAGE_STRING "libusb-1.0 1.0.27"
| #define PACKAGE_BUGREPORT "libusb-devel@lists.sourceforge.net"
| #define PACKAGE_URL "https://libusb.info"
| #define PACKAGE "libusb-1.0"
| #define VERSION "1.0.27"
| #define HAVE_STDIO_H 1
| #define HAVE_STDLIB_H 1
| #define HAVE_STRING_H 1
| #define HAVE_INTTYPES_H 1
| #define HAVE_STDINT_H 1
| #define HAVE_STRINGS_H 1
| #define HAVE_SYS_STAT_H 1
| #define HAVE_SYS_TYPES_H 1
| #define HAVE_UNISTD_H 1
| #define STDC_HEADERS 1
| #define HAVE_DLFCN_H 1
| #define LT_OBJDIR ".libs/"
| #define _GNU_SOURCE 1
| #define DEFAULT_VISIBILITY __attribute__ ((visibility ("default")))
| #define PRINTF_FORMAT(a, b) __attribute__ ((__format__ (__printf__, a, b)))
| #define PLATFORM_POSIX 1
| #define HAVE_NFDS_T 1
| #define HAVE_PIPE2 1
| #define HAVE_PTHREAD_SETNAME_NP 1
| #define HAVE_LIBUDEV 1
| #define HAVE_SYS_TIME_H 1
| #define HAVE_CLOCK_GETTIME 1
| /* end confdefs.h.  */
| 
| int
| main (void)
| {
| (void) strchr;
|   ;
|   return 0;
| }
configure:18156: gcc -c -g -O2   conftest.c >&5
configure:18156: $? = 0
configure:18173: result: none needed
configure:18187: checking whether CLOCK_MONOTONIC is declared
configure:18187: gcc -c -g -O2   conftest.c >&5
configure:18187: $? = 0
configure:18187: result: yes
configure:18198: checking for pthread_condattr_setclock
configure:18198: gcc -o conftest -g -O2   conftest.c -ludev  >&5
configure:18198: $? = 0
configure:18198: result: yes
configure:18231: checking for sys/eventfd.h
configure:18231: gcc -c -g -O2  conftest.c >&5
configure:18231: $? = 0
configure:18231: result: yes
configure:18240: checking whether EFD_NONBLOCK is declared
configure:18240: gcc -c -g -O2   conftest.c >&5
configure:18240: $? = 0
configure:18240: result: yes
configure:18255: checking whether EFD_CLOEXEC is declared
configure:18255: gcc -c -g -O2   conftest.c >&5
configure:18255: $? = 0
configure:18255: result: yes
configure:18272: checking for eventfd
configure:18272: gcc -o conftest -g -O2   conftest.c -ludev  >&5
configure:18272: $? = 0
configure:18272: result: yes
configure:18294: checking whether to use eventfd for signalling
configure:18309: result: yes
configure:18324: checking for sys/timerfd.h
configure:18324: gcc -c -g -O2  conftest.c >&5
configure:18324: $? = 0
configure:18324: result: yes
configure:18333: checking whether TFD_NONBLOCK is declared
configure:18333: gcc -c -g -O2   conftest.c >&5
configure:18333: $? = 0
configure:18333: result: yes
configure:18348: checking whether TFD_CLOEXEC is declared
configure:18348: gcc -c -g -O2   conftest.c >&5
configure:18348: $? = 0
configure:18348: result: yes
configure:18365: checking for timerfd_create
configure:18365: gcc -o conftest -g -O2   conftest.c -ludev  >&5
configure:18365: $? = 0
configure:18365: result: yes
configure:18387: checking whether to use timerfd for timing
configure:18402: result: yes
configure:18801: checking that generated files are newer than configure
configure:18807: result: done
configure:18898: creating ./config.status

## ---------------------- ##
## Running config.status. ##
## ---------------------- ##

This file was extended by libusb-1.0 config.status 1.0.27, which was
generated by GNU Autoconf 2.71.  Invocation command line was

  CONFIG_FILES    = 
  CONFIG_HEADERS  = 
  CONFIG_LINKS    = 
  CONFIG_COMMANDS = 
  $ ./config.status 

on DESKTOP-3IP31AI

config.status:1272: creating libusb-1.0.pc
config.status:1272: creating Makefile
config.status:1272: creating libusb/Makefile
config.status:1272: creating examples/Makefile
config.status:1272: creating tests/Makefile
config.status:1272: creating doc/Makefile
config.status:1272: creating doc/doxygen.cfg
config.status:1272: creating config.h
config.status:1501: executing depfiles commands
config.status:1578: cd libusb       && sed -e '/# am--include-marker/d' Makefile         | make -f - am--depfiles
config.status:1583: $? = 0
config.status:1578: cd examples       && sed -e '/# am--include-marker/d' Makefile         | make -f - am--depfiles
config.status:1583: $? = 0
config.status:1578: cd tests       && sed -e '/# am--include-marker/d' Makefile         | make -f - am--depfiles
config.status:1583: $? = 0
config.status:1501: executing libtool commands

## ---------------- ##
## Cache variables. ##
## ---------------- ##

ac_cv_build=x86_64-pc-linux-gnu
ac_cv_c_compiler_gnu=yes
ac_cv_c_inline=inline
ac_cv_c_undeclared_builtin_options='none needed'
ac_cv_cxx_compiler_gnu=yes
ac_cv_env_CCC_set=
ac_cv_env_CCC_value=
ac_cv_env_CC_set=
ac_cv_env_CC_value=
ac_cv_env_CFLAGS_set=
ac_cv_env_CFLAGS_value=
ac_cv_env_CPPFLAGS_set=
ac_cv_env_CPPFLAGS_value=
ac_cv_env_CXXCPP_set=
ac_cv_env_CXXCPP_value=
ac_cv_env_CXXFLAGS_set=
ac_cv_env_CXXFLAGS_value=
ac_cv_env_CXX_set=
ac_cv_env_CXX_value=
ac_cv_env_LDFLAGS_set=
ac_cv_env_LDFLAGS_value=
ac_cv_env_LIBS_set=
ac_cv_env_LIBS_value=
ac_cv_env_LT_SYS_LIBRARY_PATH_set=
ac_cv_env_LT_SYS_LIBRARY_PATH_value=
ac_cv_env_PKG_CONFIG_LIBDIR_set=
ac_cv_env_PKG_CONFIG_LIBDIR_value=
ac_cv_env_PKG_CONFIG_PATH_set=
ac_cv_env_PKG_CONFIG_PATH_value=
ac_cv_env_PKG_CONFIG_set=
ac_cv_env_PKG_CONFIG_value=
ac_cv_env_UMOCKDEV_CFLAGS_set=
ac_cv_env_UMOCKDEV_CFLAGS_value=
ac_cv_env_UMOCKDEV_HOTPLUG_CFLAGS_set=
ac_cv_env_UMOCKDEV_HOTPLUG_CFLAGS_value=
ac_cv_env_UMOCKDEV_HOTPLUG_LIBS_set=
ac_cv_env_UMOCKDEV_HOTPLUG_LIBS_value=
ac_cv_env_UMOCKDEV_LIBS_set=
ac_cv_env_UMOCKDEV_LIBS_value=
ac_cv_env_build_alias_set=
ac_cv_env_build_alias_value=
ac_cv_env_host_alias_set=
ac_cv_env_host_alias_value=
ac_cv_env_target_alias_set=
ac_cv_env_target_alias_value=
ac_cv_func_clock_gettime=yes
ac_cv_func_eventfd=yes
ac_cv_func_pipe2=yes
ac_cv_func_pthread_condattr_setclock=yes
ac_cv_func_pthread_setname_np=yes
ac_cv_func_timerfd_create=yes
ac_cv_have_decl_CLOCK_MONOTONIC=yes
ac_cv_have_decl_EFD_CLOEXEC=yes
ac_cv_have_decl_EFD_NONBLOCK=yes
ac_cv_have_decl_TFD_CLOEXEC=yes
ac_cv_have_decl_TFD_NONBLOCK=yes
ac_cv_header_dlfcn_h=yes
ac_cv_header_inttypes_h=yes
ac_cv_header_libudev_h=yes
ac_cv_header_stdint_h=yes
ac_cv_header_stdio_h=yes
ac_cv_header_stdlib_h=yes
ac_cv_header_string_h=yes
ac_cv_header_strings_h=yes
ac_cv_header_sys_eventfd_h=yes
ac_cv_header_sys_stat_h=yes
ac_cv_header_sys_time_h=yes
ac_cv_header_sys_timerfd_h=yes
ac_cv_header_sys_types_h=yes
ac_cv_header_unistd_h=yes
ac_cv_host=x86_64-pc-linux-gnu
ac_cv_lib_udev_udev_new=yes
ac_cv_objext=o
ac_cv_path_EGREP='/usr/bin/grep -E'
ac_cv_path_FGREP='/usr/bin/grep -F'
ac_cv_path_GREP=/usr/bin/grep
ac_cv_path_SED=/usr/bin/sed
ac_cv_path_install='/usr/bin/install -c'
ac_cv_path_lt_DD=/usr/bin/dd
ac_cv_path_mkdir=/usr/bin/mkdir
ac_cv_prog_AWK=gawk
ac_cv_prog_CXXCPP='g++ -E'
ac_cv_prog_ac_ct_AR=ar
ac_cv_prog_ac_ct_CC=gcc
ac_cv_prog_ac_ct_CXX=g++
ac_cv_prog_ac_ct_FILECMD=file
ac_cv_prog_ac_ct_MANIFEST_TOOL=mt
ac_cv_prog_ac_ct_OBJDUMP=objdump
ac_cv_prog_ac_ct_RANLIB=ranlib
ac_cv_prog_ac_ct_STRIP=strip
ac_cv_prog_cc_c11=
ac_cv_prog_cc_g=yes
ac_cv_prog_cc_stdc=
ac_cv_prog_cxx_cxx11=
ac_cv_prog_cxx_g=yes
ac_cv_prog_cxx_stdcxx=
ac_cv_prog_make_make_set=yes
ac_cv_search_clock_gettime='none required'
ac_cv_search_pthread_create='none required'
ac_cv_type_nfds_t=yes
am_cv_CC_dependencies_compiler_type=gcc3
am_cv_CXX_dependencies_compiler_type=gcc3
am_cv_make_support_nested_variables=yes
am_cv_prog_cc_c_o=yes
lt_cv_ar_at_file=@
lt_cv_archive_cmds_need_lc=no
lt_cv_deplibs_check_method=pass_all
lt_cv_file_magic_cmd='$MAGIC_CMD'
lt_cv_file_magic_test_file=
lt_cv_ld_reload_flag=-r
lt_cv_nm_interface='BSD nm'
lt_cv_objdir=.libs
lt_cv_path_LD=/usr/bin/ld
lt_cv_path_LDCXX='/usr/bin/ld -m elf_x86_64'
lt_cv_path_NM='/usr/bin/nm -B'
lt_cv_path_mainfest_tool=no
lt_cv_prog_compiler_c_o=yes
lt_cv_prog_compiler_c_o_CXX=yes
lt_cv_prog_compiler_c_o_RC=yes
lt_cv_prog_compiler_pic='-fPIC -DPIC'
lt_cv_prog_compiler_pic_CXX='-fPIC -DPIC'
lt_cv_prog_compiler_pic_works=yes
lt_cv_prog_compiler_pic_works_CXX=yes
lt_cv_prog_compiler_rtti_exceptions=no
lt_cv_prog_compiler_static_works=yes
lt_cv_prog_compiler_static_works_CXX=yes
lt_cv_prog_gnu_ld=yes
lt_cv_prog_gnu_ldcxx=yes
lt_cv_sharedlib_from_linklib_cmd='printf %s\n'
lt_cv_shlibpath_overrides_runpath=yes
lt_cv_sys_global_symbol_pipe='/usr/bin/sed -n -e '\''s/^.*[	 ]\([ABCDGIRSTW][ABCDGIRSTW]*\)[	 ][	 ]*\([_A-Za-z][_A-Za-z0-9]*\)$/\1 \2 \2/p'\'' | /usr/bin/sed '\''/ __gnu_lto/d'\'''
lt_cv_sys_global_symbol_to_c_name_address='/usr/bin/sed -n -e '\''s/^: \(.*\) .*$/  {"\1", (void *) 0},/p'\'' -e '\''s/^[ABCDGIRSTW][ABCDGIRSTW]* .* \(.*\)$/  {"\1", (void *) \&\1},/p'\'''
lt_cv_sys_global_symbol_to_c_name_address_lib_prefix='/usr/bin/sed -n -e '\''s/^: \(.*\) .*$/  {"\1", (void *) 0},/p'\'' -e '\''s/^[ABCDGIRSTW][ABCDGIRSTW]* .* \(lib.*\)$/  {"\1", (void *) \&\1},/p'\'' -e '\''s/^[ABCDGIRSTW][ABCDGIRSTW]* .* \(.*\)$/  {"lib\1", (void *) \&\1},/p'\'''
lt_cv_sys_global_symbol_to_cdecl='/usr/bin/sed -n -e '\''s/^T .* \(.*\)$/extern int \1();/p'\'' -e '\''s/^[ABCDGIRSTW][ABCDGIRSTW]* .* \(.*\)$/extern char \1;/p'\'''
lt_cv_sys_global_symbol_to_import=
lt_cv_sys_max_cmd_len=1572864
lt_cv_to_host_file_cmd=func_convert_file_noop
lt_cv_to_tool_file_cmd=func_convert_file_noop
lt_cv_truncate_bin='/usr/bin/dd bs=4096 count=1'

## ----------------- ##
## Output variables. ##
## ----------------- ##

ACLOCAL='${SHELL} '\''/home/adminuser/bsc/libusb-1.0.27/missing'\'' aclocal-1.16'
AMDEPBACKSLASH='\'
AMDEP_FALSE='#'
AMDEP_TRUE=''
AMTAR='$${TAR-tar}'
AM_BACKSLASH='\'
AM_CFLAGS='-std=gnu11  -Wall -Wextra -Wshadow -Wunused -Wwrite-strings -Werror=format-security -Werror=implicit-function-declaration -Werror=implicit-int -Werror=init-self -Werror=missing-prototypes -Werror=strict-prototypes -Werror=undef -Werror=uninitialized'
AM_CPPFLAGS=''
AM_CXXFLAGS='-std=gnu++11  -Wall -Wextra -Wshadow -Wunused -Wwrite-strings -Werror=format-security -Werror=implicit-function-declaration -Werror=implicit-int -Werror=init-self -Werror=missing-prototypes -Werror=strict-prototypes -Werror=undef -Werror=uninitialized -Wmissing-declarations'
AM_DEFAULT_V='$(AM_DEFAULT_VERBOSITY)'
AM_DEFAULT_VERBOSITY='0'
AM_LDFLAGS=''
AM_V='$(V)'
AR='ar'
AUTOCONF='${SHELL} '\''/home/adminuser/bsc/libusb-1.0.27/missing'\'' autoconf'
AUTOHEADER='${SHELL} '\''/home/adminuser/bsc/libusb-1.0.27/missing'\'' autoheader'
AUTOMAKE='${SHELL} '\''/home/adminuser/bsc/libusb-1.0.27/missing'\'' automake-1.16'
AWK='gawk'
BUILD_EXAMPLES_FALSE=''
BUILD_EXAMPLES_TRUE='#'
BUILD_TESTS_FALSE=''
BUILD_TESTS_TRUE='#'
BUILD_UMOCKDEV_TEST_FALSE=''
BUILD_UMOCKDEV_TEST_TRUE='#'
CC='gcc'
CCDEPMODE='depmode=gcc3'
CFLAGS='-g -O2'
CPPFLAGS=''
CREATE_IMPORT_LIB_FALSE=''
CREATE_IMPORT_LIB_TRUE='#'
CSCOPE='cscope'
CTAGS='ctags'
CXX='g++'
CXXCPP='g++ -E'
CXXDEPMODE='depmode=gcc3'
CXXFLAGS='-g -O2'
CYGPATH_W='echo'
DEFS='-DHAVE_CONFIG_H'
DEPDIR='.deps'
DLLTOOL='false'
DOXYGEN_HTMLDIR='api-1.0'
DSYMUTIL=''
DUMPBIN=''
ECHO_C=''
ECHO_N='-n'
ECHO_T=''
EGREP='/usr/bin/grep -E'
ETAGS='etags'
EXEEXT=''
EXTRA_LDFLAGS=''
FGREP='/usr/bin/grep -F'
FILECMD='file'
GREP='/usr/bin/grep'
INSTALL_DATA='${INSTALL} -m 644'
INSTALL_PROGRAM='${INSTALL}'
INSTALL_SCRIPT='${INSTALL}'
INSTALL_STRIP_PROGRAM='$(install_sh) -c -s'
LD='/usr/bin/ld -m elf_x86_64'
LDFLAGS=''
LIBOBJS=''
LIBS='-ludev '
LIBTOOL='$(SHELL) $(top_builddir)/libtool'
LIPO=''
LN_S='ln -s'
LTLIBOBJS=''
LT_LDFLAGS='-version-info 4:0:4 -no-undefined'
LT_SYS_LIBRARY_PATH=''
MAKEINFO='${SHELL} '\''/home/adminuser/bsc/libusb-1.0.27/missing'\'' makeinfo'
MANIFEST_TOOL=':'
MKDIR_P='/usr/bin/mkdir -p'
NM='/usr/bin/nm -B'
NMEDIT=''
OBJDUMP='objdump'
OBJEXT='o'
OS_DARWIN_FALSE=''
OS_DARWIN_TRUE='#'
OS_EMSCRIPTEN_FALSE=''
OS_EMSCRIPTEN_TRUE='#'
OS_HAIKU_FALSE=''
OS_HAIKU_TRUE='#'
OS_LINUX_FALSE='#'
OS_LINUX_TRUE=''
OS_NETBSD_FALSE=''
OS_NETBSD_TRUE='#'
OS_NULL_FALSE=''
OS_NULL_TRUE='#'
OS_OPENBSD_FALSE=''
OS_OPENBSD_TRUE='#'
OS_SUNOS_FALSE=''
OS_SUNOS_TRUE='#'
OS_WINDOWS_FALSE=''
OS_WINDOWS_TRUE='#'
OTOOL64=''
OTOOL=''
PACKAGE='libusb-1.0'
PACKAGE_BUGREPORT='libusb-devel@lists.sourceforge.net'
PACKAGE_NAME='libusb-1.0'
PACKAGE_STRING='libusb-1.0 1.0.27'
PACKAGE_TARNAME='libusb-1.0'
PACKAGE_URL='https://libusb.info'
PACKAGE_VERSION='1.0.27'
PATH_SEPARATOR=':'
PKG_CONFIG=''
PKG_CONFIG_LIBDIR=''
PKG_CONFIG_PATH=''
PLATFORM_POSIX_FALSE='#'
PLATFORM_POSIX_TRUE=''
PLATFORM_WINDOWS_FALSE=''
PLATFORM_WINDOWS_TRUE='#'
RANLIB='ranlib'
RC=''
SED='/usr/bin/sed'
SET_MAKE=''
SHELL='/bin/bash'
STRIP='strip'
THREAD_CFLAGS='-pthread'
THREAD_LIBS=''
UMOCKDEV_CFLAGS=''
UMOCKDEV_HOTPLUG_CFLAGS=''
UMOCKDEV_HOTPLUG_LIBS=''
UMOCKDEV_LIBS=''
USE_UDEV_FALSE='#'
USE_UDEV_TRUE=''
VERSION='1.0.27'
ac_ct_AR='ar'
ac_ct_CC='gcc'
ac_ct_CXX='g++'
ac_ct_DUMPBIN=''
am__EXEEXT_FALSE=''
am__EXEEXT_TRUE='#'
am__fastdepCC_FALSE='#'
am__fastdepCC_TRUE=''
am__fastdepCXX_FALSE='#'
am__fastdepCXX_TRUE=''
am__include='include'
am__isrc=''
am__leading_dot='.'
am__nodep='_no'
am__quote=''
am__tar='$${TAR-tar} chof - "$$tardir"'
am__untar='$${TAR-tar} xf -'
bindir='${exec_prefix}/bin'
build='x86_64-pc-linux-gnu'
build_alias=''
build_cpu='x86_64'
build_os='linux-gnu'
build_vendor='pc'
datadir='${datarootdir}'
datarootdir='${prefix}/share'
docdir='${datarootdir}/doc/${PACKAGE_TARNAME}'
dvidir='${docdir}'
exec_prefix='${prefix}'
host='x86_64-pc-linux-gnu'
host_alias=''
host_cpu='x86_64'
host_os='linux-gnu'
host_vendor='pc'
htmldir='${docdir}'
includedir='${prefix}/include'
infodir='${datarootdir}/info'
install_sh='${SHELL} /home/adminuser/bsc/libusb-1.0.27/install-sh'
libdir='${exec_prefix}/lib'
libexecdir='${exec_prefix}/libexec'
localedir='${datarootdir}/locale'
localstatedir='${prefix}/var'
mandir='${datarootdir}/man'
mkdir_p='$(MKDIR_P)'
oldincludedir='/usr/include'
pdfdir='${docdir}'
prefix='/usr/local'
program_transform_name='s,x,x,'
psdir='${docdir}'
runstatedir='${localstatedir}/run'
sbindir='${exec_prefix}/sbin'
sharedstatedir='${prefix}/com'
sysconfdir='${prefix}/etc'
target_alias=''

## ----------- ##
## confdefs.h. ##
## ----------- ##

/* confdefs.h */
#define PACKAGE_NAME "libusb-1.0"
#define PACKAGE_TARNAME "libusb-1.0"
#define PACKAGE_VERSION "1.0.27"
#define PACKAGE_STRING "libusb-1.0 1.0.27"
#define PACKAGE_BUGREPORT "libusb-devel@lists.sourceforge.net"
#define PACKAGE_URL "https://libusb.info"
#define PACKAGE "libusb-1.0"
#define VERSION "1.0.27"
#define HAVE_STDIO_H 1
#define HAVE_STDLIB_H 1
#define HAVE_STRING_H 1
#define HAVE_INTTYPES_H 1
#define HAVE_STDINT_H 1
#define HAVE_STRINGS_H 1
#define HAVE_SYS_STAT_H 1
#define HAVE_SYS_TYPES_H 1
#define HAVE_UNISTD_H 1
#define STDC_HEADERS 1
#define HAVE_DLFCN_H 1
#define LT_OBJDIR ".libs/"
#define _GNU_SOURCE 1
#define DEFAULT_VISIBILITY __attribute__ ((visibility ("default")))
#define PRINTF_FORMAT(a, b) __attribute__ ((__format__ (__printf__, a, b)))
#define PLATFORM_POSIX 1
#define HAVE_NFDS_T 1
#define HAVE_PIPE2 1
#define HAVE_PTHREAD_SETNAME_NP 1
#define HAVE_LIBUDEV 1
#define HAVE_SYS_TIME_H 1
#define HAVE_CLOCK_GETTIME 1
#define HAVE_PTHREAD_CONDATTR_SETCLOCK 1
#define HAVE_DECL_EFD_NONBLOCK 1
#define HAVE_DECL_EFD_CLOEXEC 1
#define HAVE_EVENTFD 1
#define HAVE_DECL_TFD_NONBLOCK 1
#define HAVE_DECL_TFD_CLOEXEC 1
#define HAVE_TIMERFD 1
#define ENABLE_LOGGING 1

configure: exit 0
